-------------------------------------------------------------------------------
Test set: com.serenity.demo.Demo
-------------------------------------------------------------------------------
Tests run: 3, Failures: 0, Errors: 1, Skipped: 0, Time elapsed: 3.866 s <<< FAILURE! - in com.serenity.demo.Demo
run[1](com.serenity.demo.Demo)  Time elapsed: 0.418 s  <<< ERROR!
org.jbehave.core.embedder.Embedder$RunningStoriesFailed: Failures in running stories: ReportsCount[stories=2,storiesNotAllowed=0,storiesPending=0,scenarios=1,scenariosFailed=1,scenariosNotAllowed=0,scenariosPending=0,stepsFailed=1]

